{"/home/shane/CMKL/assurance/kht-clone/Src/KHT_Homepage/KHT_Homepage_Deploy/get_data.js": {"path":"/home/shane/CMKL/assurance/kht-clone/Src/KHT_Homepage/KHT_Homepage_Deploy/get_data.js","statementMap":{"0":{"start":{"line":11,"column":16},"end":{"line":11,"column":20}},"1":{"start":{"line":13,"column":11},"end":{"line":13,"column":15}},"2":{"start":{"line":14,"column":11},"end":{"line":14,"column":21}},"3":{"start":{"line":29,"column":20},"end":{"line":32,"column":2}},"4":{"start":{"line":34,"column":18},"end":{"line":37,"column":2}},"5":{"start":{"line":44,"column":4},"end":{"line":86,"column":5}},"6":{"start":{"line":45,"column":8},"end":{"line":45,"column":21}},"7":{"start":{"line":47,"column":8},"end":{"line":49,"column":9}},"8":{"start":{"line":48,"column":12},"end":{"line":48,"column":41}},"9":{"start":{"line":50,"column":25},"end":{"line":50,"column":41}},"10":{"start":{"line":51,"column":21},"end":{"line":51,"column":42}},"11":{"start":{"line":53,"column":26},"end":{"line":53,"column":46}},"12":{"start":{"line":55,"column":8},"end":{"line":60,"column":9}},"13":{"start":{"line":56,"column":12},"end":{"line":56,"column":44}},"14":{"start":{"line":57,"column":12},"end":{"line":57,"column":38}},"15":{"start":{"line":58,"column":12},"end":{"line":58,"column":24}},"16":{"start":{"line":59,"column":12},"end":{"line":59,"column":19}},"17":{"start":{"line":62,"column":8},"end":{"line":74,"column":22}},"18":{"start":{"line":64,"column":16},"end":{"line":71,"column":19}},"19":{"start":{"line":75,"column":8},"end":{"line":75,"column":20}},"20":{"start":{"line":76,"column":8},"end":{"line":80,"column":9}},"21":{"start":{"line":77,"column":12},"end":{"line":77,"column":45}},"22":{"start":{"line":78,"column":12},"end":{"line":78,"column":25}},"23":{"start":{"line":79,"column":12},"end":{"line":79,"column":25}},"24":{"start":{"line":81,"column":8},"end":{"line":81,"column":26}},"25":{"start":{"line":84,"column":8},"end":{"line":84,"column":22}},"26":{"start":{"line":85,"column":8},"end":{"line":85,"column":36}},"27":{"start":{"line":90,"column":4},"end":{"line":101,"column":5}},"28":{"start":{"line":91,"column":21},"end":{"line":91,"column":37}},"29":{"start":{"line":92,"column":21},"end":{"line":92,"column":47}},"30":{"start":{"line":93,"column":20},"end":{"line":93,"column":89}},"31":{"start":{"line":94,"column":8},"end":{"line":94,"column":35}},"32":{"start":{"line":96,"column":8},"end":{"line":100,"column":9}},"33":{"start":{"line":97,"column":12},"end":{"line":97,"column":41}},"34":{"start":{"line":99,"column":12},"end":{"line":99,"column":60}},"35":{"start":{"line":103,"column":0},"end":{"line":103,"column":26}},"36":{"start":{"line":107,"column":4},"end":{"line":129,"column":5}},"37":{"start":{"line":108,"column":21},"end":{"line":108,"column":37}},"38":{"start":{"line":109,"column":21},"end":{"line":109,"column":47}},"39":{"start":{"line":110,"column":20},"end":{"line":110,"column":97}},"40":{"start":{"line":111,"column":8},"end":{"line":122,"column":15}},"41":{"start":{"line":112,"column":30},"end":{"line":112,"column":45}},"42":{"start":{"line":114,"column":16},"end":{"line":118,"column":30}},"43":{"start":{"line":116,"column":24},"end":{"line":116,"column":49}},"44":{"start":{"line":121,"column":16},"end":{"line":121,"column":64}},"45":{"start":{"line":124,"column":8},"end":{"line":128,"column":9}},"46":{"start":{"line":125,"column":12},"end":{"line":125,"column":41}},"47":{"start":{"line":127,"column":12},"end":{"line":127,"column":60}},"48":{"start":{"line":134,"column":4},"end":{"line":156,"column":5}},"49":{"start":{"line":135,"column":21},"end":{"line":135,"column":37}},"50":{"start":{"line":136,"column":21},"end":{"line":136,"column":47}},"51":{"start":{"line":137,"column":20},"end":{"line":137,"column":97}},"52":{"start":{"line":138,"column":8},"end":{"line":149,"column":15}},"53":{"start":{"line":139,"column":30},"end":{"line":139,"column":45}},"54":{"start":{"line":141,"column":16},"end":{"line":145,"column":30}},"55":{"start":{"line":143,"column":24},"end":{"line":143,"column":54}},"56":{"start":{"line":148,"column":16},"end":{"line":148,"column":70}},"57":{"start":{"line":151,"column":8},"end":{"line":155,"column":9}},"58":{"start":{"line":152,"column":12},"end":{"line":152,"column":41}},"59":{"start":{"line":154,"column":12},"end":{"line":154,"column":60}},"60":{"start":{"line":161,"column":4},"end":{"line":187,"column":5}},"61":{"start":{"line":162,"column":21},"end":{"line":162,"column":37}},"62":{"start":{"line":163,"column":21},"end":{"line":163,"column":47}},"63":{"start":{"line":164,"column":20},"end":{"line":164,"column":91}},"64":{"start":{"line":166,"column":8},"end":{"line":180,"column":15}},"65":{"start":{"line":167,"column":30},"end":{"line":167,"column":45}},"66":{"start":{"line":169,"column":16},"end":{"line":176,"column":30}},"67":{"start":{"line":171,"column":24},"end":{"line":174,"column":26}},"68":{"start":{"line":179,"column":16},"end":{"line":179,"column":59}},"69":{"start":{"line":182,"column":8},"end":{"line":186,"column":9}},"70":{"start":{"line":183,"column":12},"end":{"line":183,"column":41}},"71":{"start":{"line":185,"column":12},"end":{"line":185,"column":60}},"72":{"start":{"line":192,"column":4},"end":{"line":226,"column":5}},"73":{"start":{"line":193,"column":21},"end":{"line":193,"column":37}},"74":{"start":{"line":194,"column":21},"end":{"line":194,"column":47}},"75":{"start":{"line":195,"column":20},"end":{"line":195,"column":90}},"76":{"start":{"line":196,"column":8},"end":{"line":219,"column":15}},"77":{"start":{"line":197,"column":30},"end":{"line":197,"column":45}},"78":{"start":{"line":199,"column":16},"end":{"line":215,"column":19}},"79":{"start":{"line":201,"column":24},"end":{"line":201,"column":73}},"80":{"start":{"line":204,"column":44},"end":{"line":204,"column":79}},"81":{"start":{"line":205,"column":24},"end":{"line":205,"column":54}},"82":{"start":{"line":207,"column":24},"end":{"line":213,"column":27}},"83":{"start":{"line":208,"column":28},"end":{"line":208,"column":98}},"84":{"start":{"line":209,"column":28},"end":{"line":212,"column":29}},"85":{"start":{"line":210,"column":32},"end":{"line":210,"column":73}},"86":{"start":{"line":211,"column":32},"end":{"line":211,"column":39}},"87":{"start":{"line":218,"column":16},"end":{"line":218,"column":65}},"88":{"start":{"line":221,"column":8},"end":{"line":225,"column":9}},"89":{"start":{"line":222,"column":12},"end":{"line":222,"column":41}},"90":{"start":{"line":224,"column":12},"end":{"line":224,"column":60}},"91":{"start":{"line":231,"column":4},"end":{"line":265,"column":5}},"92":{"start":{"line":232,"column":21},"end":{"line":232,"column":37}},"93":{"start":{"line":233,"column":21},"end":{"line":233,"column":47}},"94":{"start":{"line":234,"column":20},"end":{"line":234,"column":88}},"95":{"start":{"line":235,"column":8},"end":{"line":258,"column":60}},"96":{"start":{"line":236,"column":30},"end":{"line":236,"column":45}},"97":{"start":{"line":238,"column":16},"end":{"line":253,"column":19}},"98":{"start":{"line":240,"column":24},"end":{"line":240,"column":71}},"99":{"start":{"line":243,"column":24},"end":{"line":243,"column":75}},"100":{"start":{"line":245,"column":24},"end":{"line":251,"column":27}},"101":{"start":{"line":246,"column":28},"end":{"line":246,"column":94}},"102":{"start":{"line":247,"column":28},"end":{"line":250,"column":29}},"103":{"start":{"line":248,"column":32},"end":{"line":248,"column":73}},"104":{"start":{"line":249,"column":32},"end":{"line":249,"column":39}},"105":{"start":{"line":256,"column":16},"end":{"line":256,"column":61}},"106":{"start":{"line":258,"column":28},"end":{"line":258,"column":58}},"107":{"start":{"line":260,"column":8},"end":{"line":264,"column":9}},"108":{"start":{"line":261,"column":12},"end":{"line":261,"column":41}},"109":{"start":{"line":263,"column":12},"end":{"line":263,"column":60}},"110":{"start":{"line":270,"column":4},"end":{"line":294,"column":5}},"111":{"start":{"line":271,"column":21},"end":{"line":271,"column":37}},"112":{"start":{"line":272,"column":21},"end":{"line":272,"column":47}},"113":{"start":{"line":273,"column":20},"end":{"line":273,"column":95}},"114":{"start":{"line":274,"column":8},"end":{"line":287,"column":15}},"115":{"start":{"line":275,"column":30},"end":{"line":275,"column":45}},"116":{"start":{"line":277,"column":16},"end":{"line":283,"column":30}},"117":{"start":{"line":286,"column":16},"end":{"line":286,"column":66}},"118":{"start":{"line":289,"column":8},"end":{"line":293,"column":9}},"119":{"start":{"line":290,"column":12},"end":{"line":290,"column":41}},"120":{"start":{"line":292,"column":12},"end":{"line":292,"column":60}},"121":{"start":{"line":299,"column":4},"end":{"line":324,"column":5}},"122":{"start":{"line":300,"column":21},"end":{"line":300,"column":37}},"123":{"start":{"line":301,"column":21},"end":{"line":301,"column":47}},"124":{"start":{"line":302,"column":20},"end":{"line":302,"column":98}},"125":{"start":{"line":303,"column":8},"end":{"line":316,"column":15}},"126":{"start":{"line":304,"column":30},"end":{"line":304,"column":45}},"127":{"start":{"line":306,"column":16},"end":{"line":312,"column":19}},"128":{"start":{"line":315,"column":16},"end":{"line":315,"column":72}},"129":{"start":{"line":318,"column":8},"end":{"line":323,"column":9}},"130":{"start":{"line":319,"column":12},"end":{"line":319,"column":41}},"131":{"start":{"line":322,"column":12},"end":{"line":322,"column":60}},"132":{"start":{"line":328,"column":4},"end":{"line":335,"column":5}},"133":{"start":{"line":329,"column":21},"end":{"line":329,"column":37}},"134":{"start":{"line":330,"column":21},"end":{"line":330,"column":47}},"135":{"start":{"line":331,"column":20},"end":{"line":331,"column":107}},"136":{"start":{"line":332,"column":8},"end":{"line":332,"column":36}},"137":{"start":{"line":334,"column":8},"end":{"line":334,"column":39}},"138":{"start":{"line":339,"column":4},"end":{"line":348,"column":5}},"139":{"start":{"line":340,"column":21},"end":{"line":340,"column":37}},"140":{"start":{"line":341,"column":21},"end":{"line":341,"column":47}},"141":{"start":{"line":342,"column":20},"end":{"line":342,"column":133}},"142":{"start":{"line":343,"column":8},"end":{"line":343,"column":25}},"143":{"start":{"line":345,"column":8},"end":{"line":345,"column":37}},"144":{"start":{"line":347,"column":8},"end":{"line":347,"column":39}},"145":{"start":{"line":352,"column":4},"end":{"line":377,"column":5}},"146":{"start":{"line":353,"column":21},"end":{"line":353,"column":37}},"147":{"start":{"line":354,"column":21},"end":{"line":354,"column":47}},"148":{"start":{"line":357,"column":35},"end":{"line":363,"column":9}},"149":{"start":{"line":365,"column":8},"end":{"line":368,"column":9}},"150":{"start":{"line":366,"column":24},"end":{"line":366,"column":141}},"151":{"start":{"line":367,"column":12},"end":{"line":367,"column":40}},"152":{"start":{"line":370,"column":8},"end":{"line":370,"column":28}},"153":{"start":{"line":371,"column":8},"end":{"line":371,"column":62}},"154":{"start":{"line":372,"column":8},"end":{"line":374,"column":11}},"155":{"start":{"line":376,"column":8},"end":{"line":376,"column":39}},"156":{"start":{"line":381,"column":4},"end":{"line":388,"column":5}},"157":{"start":{"line":382,"column":21},"end":{"line":382,"column":37}},"158":{"start":{"line":383,"column":21},"end":{"line":383,"column":47}},"159":{"start":{"line":384,"column":20},"end":{"line":384,"column":140}},"160":{"start":{"line":385,"column":8},"end":{"line":385,"column":36}},"161":{"start":{"line":387,"column":8},"end":{"line":387,"column":39}},"162":{"start":{"line":393,"column":4},"end":{"line":431,"column":5}},"163":{"start":{"line":395,"column":8},"end":{"line":398,"column":9}},"164":{"start":{"line":396,"column":12},"end":{"line":396,"column":42}},"165":{"start":{"line":397,"column":12},"end":{"line":397,"column":51}},"166":{"start":{"line":399,"column":21},"end":{"line":399,"column":37}},"167":{"start":{"line":400,"column":21},"end":{"line":400,"column":47}},"168":{"start":{"line":401,"column":20},"end":{"line":401,"column":113}},"169":{"start":{"line":403,"column":8},"end":{"line":424,"column":15}},"170":{"start":{"line":404,"column":30},"end":{"line":404,"column":45}},"171":{"start":{"line":407,"column":16},"end":{"line":410,"column":17}},"172":{"start":{"line":408,"column":20},"end":{"line":408,"column":74}},"173":{"start":{"line":409,"column":20},"end":{"line":409,"column":27}},"174":{"start":{"line":412,"column":16},"end":{"line":420,"column":30}},"175":{"start":{"line":414,"column":24},"end":{"line":418,"column":26}},"176":{"start":{"line":423,"column":16},"end":{"line":423,"column":63}},"177":{"start":{"line":426,"column":8},"end":{"line":430,"column":9}},"178":{"start":{"line":427,"column":12},"end":{"line":427,"column":41}},"179":{"start":{"line":429,"column":12},"end":{"line":429,"column":60}}},"fnMap":{"0":{"name":"getVillageData","decl":{"start":{"line":43,"column":15},"end":{"line":43,"column":29}},"loc":{"start":{"line":43,"column":54},"end":{"line":87,"column":1}},"line":43},"1":{"name":"(anonymous_1)","decl":{"start":{"line":63,"column":26},"end":{"line":63,"column":27}},"loc":{"start":{"line":63,"column":53},"end":{"line":72,"column":13}},"line":63},"2":{"name":"fetchInitialVillageData","decl":{"start":{"line":89,"column":15},"end":{"line":89,"column":38}},"loc":{"start":{"line":89,"column":41},"end":{"line":102,"column":1}},"line":89},"3":{"name":"getWaterAreas","decl":{"start":{"line":106,"column":15},"end":{"line":106,"column":28}},"loc":{"start":{"line":106,"column":31},"end":{"line":130,"column":1}},"line":106},"4":{"name":"(anonymous_4)","decl":{"start":{"line":112,"column":18},"end":{"line":112,"column":19}},"loc":{"start":{"line":112,"column":30},"end":{"line":112,"column":45}},"line":112},"5":{"name":"(anonymous_5)","decl":{"start":{"line":113,"column":18},"end":{"line":113,"column":19}},"loc":{"start":{"line":113,"column":26},"end":{"line":122,"column":13}},"line":113},"6":{"name":"(anonymous_6)","decl":{"start":{"line":115,"column":27},"end":{"line":115,"column":28}},"loc":{"start":{"line":115,"column":46},"end":{"line":117,"column":21}},"line":115},"7":{"name":"getWaterLines","decl":{"start":{"line":133,"column":15},"end":{"line":133,"column":28}},"loc":{"start":{"line":133,"column":31},"end":{"line":157,"column":1}},"line":133},"8":{"name":"(anonymous_8)","decl":{"start":{"line":139,"column":18},"end":{"line":139,"column":19}},"loc":{"start":{"line":139,"column":30},"end":{"line":139,"column":45}},"line":139},"9":{"name":"(anonymous_9)","decl":{"start":{"line":140,"column":18},"end":{"line":140,"column":19}},"loc":{"start":{"line":140,"column":26},"end":{"line":149,"column":13}},"line":140},"10":{"name":"(anonymous_10)","decl":{"start":{"line":142,"column":27},"end":{"line":142,"column":28}},"loc":{"start":{"line":142,"column":46},"end":{"line":144,"column":21}},"line":142},"11":{"name":"getRoads","decl":{"start":{"line":160,"column":15},"end":{"line":160,"column":23}},"loc":{"start":{"line":160,"column":26},"end":{"line":188,"column":1}},"line":160},"12":{"name":"(anonymous_12)","decl":{"start":{"line":167,"column":18},"end":{"line":167,"column":19}},"loc":{"start":{"line":167,"column":30},"end":{"line":167,"column":45}},"line":167},"13":{"name":"(anonymous_13)","decl":{"start":{"line":168,"column":18},"end":{"line":168,"column":19}},"loc":{"start":{"line":168,"column":26},"end":{"line":180,"column":13}},"line":168},"14":{"name":"(anonymous_14)","decl":{"start":{"line":170,"column":27},"end":{"line":170,"column":28}},"loc":{"start":{"line":170,"column":46},"end":{"line":175,"column":21}},"line":170},"15":{"name":"getHospitals","decl":{"start":{"line":191,"column":15},"end":{"line":191,"column":27}},"loc":{"start":{"line":191,"column":30},"end":{"line":227,"column":1}},"line":191},"16":{"name":"(anonymous_16)","decl":{"start":{"line":197,"column":18},"end":{"line":197,"column":19}},"loc":{"start":{"line":197,"column":30},"end":{"line":197,"column":45}},"line":197},"17":{"name":"(anonymous_17)","decl":{"start":{"line":198,"column":18},"end":{"line":198,"column":19}},"loc":{"start":{"line":198,"column":26},"end":{"line":219,"column":13}},"line":198},"18":{"name":"(anonymous_18)","decl":{"start":{"line":200,"column":34},"end":{"line":200,"column":35}},"loc":{"start":{"line":200,"column":61},"end":{"line":202,"column":21}},"line":200},"19":{"name":"(anonymous_19)","decl":{"start":{"line":203,"column":35},"end":{"line":203,"column":36}},"loc":{"start":{"line":203,"column":61},"end":{"line":214,"column":21}},"line":203},"20":{"name":"(anonymous_20)","decl":{"start":{"line":207,"column":42},"end":{"line":207,"column":43}},"loc":{"start":{"line":207,"column":55},"end":{"line":213,"column":25}},"line":207},"21":{"name":"getSchools","decl":{"start":{"line":230,"column":15},"end":{"line":230,"column":25}},"loc":{"start":{"line":230,"column":28},"end":{"line":266,"column":1}},"line":230},"22":{"name":"(anonymous_22)","decl":{"start":{"line":236,"column":18},"end":{"line":236,"column":19}},"loc":{"start":{"line":236,"column":30},"end":{"line":236,"column":45}},"line":236},"23":{"name":"(anonymous_23)","decl":{"start":{"line":237,"column":18},"end":{"line":237,"column":19}},"loc":{"start":{"line":237,"column":26},"end":{"line":257,"column":13}},"line":237},"24":{"name":"(anonymous_24)","decl":{"start":{"line":239,"column":34},"end":{"line":239,"column":35}},"loc":{"start":{"line":239,"column":61},"end":{"line":241,"column":21}},"line":239},"25":{"name":"(anonymous_25)","decl":{"start":{"line":242,"column":35},"end":{"line":242,"column":36}},"loc":{"start":{"line":242,"column":61},"end":{"line":252,"column":21}},"line":242},"26":{"name":"(anonymous_26)","decl":{"start":{"line":245,"column":42},"end":{"line":245,"column":43}},"loc":{"start":{"line":245,"column":55},"end":{"line":251,"column":25}},"line":245},"27":{"name":"(anonymous_27)","decl":{"start":{"line":258,"column":19},"end":{"line":258,"column":20}},"loc":{"start":{"line":258,"column":28},"end":{"line":258,"column":58}},"line":258},"28":{"name":"getDistricts","decl":{"start":{"line":269,"column":15},"end":{"line":269,"column":27}},"loc":{"start":{"line":269,"column":30},"end":{"line":295,"column":1}},"line":269},"29":{"name":"(anonymous_29)","decl":{"start":{"line":275,"column":18},"end":{"line":275,"column":19}},"loc":{"start":{"line":275,"column":30},"end":{"line":275,"column":45}},"line":275},"30":{"name":"(anonymous_30)","decl":{"start":{"line":276,"column":18},"end":{"line":276,"column":19}},"loc":{"start":{"line":276,"column":26},"end":{"line":287,"column":13}},"line":276},"31":{"name":"getSubDistricts","decl":{"start":{"line":298,"column":15},"end":{"line":298,"column":30}},"loc":{"start":{"line":298,"column":33},"end":{"line":325,"column":1}},"line":298},"32":{"name":"(anonymous_32)","decl":{"start":{"line":304,"column":18},"end":{"line":304,"column":19}},"loc":{"start":{"line":304,"column":30},"end":{"line":304,"column":45}},"line":304},"33":{"name":"(anonymous_33)","decl":{"start":{"line":305,"column":18},"end":{"line":305,"column":19}},"loc":{"start":{"line":305,"column":26},"end":{"line":316,"column":13}},"line":305},"34":{"name":"fetchVillagebByYear","decl":{"start":{"line":327,"column":15},"end":{"line":327,"column":34}},"loc":{"start":{"line":327,"column":46},"end":{"line":336,"column":1}},"line":327},"35":{"name":"fetchVillagebByStartAndEndYear","decl":{"start":{"line":338,"column":15},"end":{"line":338,"column":45}},"loc":{"start":{"line":338,"column":66},"end":{"line":349,"column":1}},"line":338},"36":{"name":"fetchVillagebyProjectType","decl":{"start":{"line":351,"column":15},"end":{"line":351,"column":40}},"loc":{"start":{"line":351,"column":54},"end":{"line":378,"column":1}},"line":351},"37":{"name":"(anonymous_37)","decl":{"start":{"line":372,"column":47},"end":{"line":372,"column":48}},"loc":{"start":{"line":372,"column":59},"end":{"line":374,"column":9}},"line":372},"38":{"name":"fetchVillageByDistance","decl":{"start":{"line":380,"column":15},"end":{"line":380,"column":37}},"loc":{"start":{"line":380,"column":62},"end":{"line":389,"column":1}},"line":380},"39":{"name":"getRoute","decl":{"start":{"line":392,"column":15},"end":{"line":392,"column":23}},"loc":{"start":{"line":392,"column":35},"end":{"line":432,"column":1}},"line":392},"40":{"name":"(anonymous_40)","decl":{"start":{"line":404,"column":18},"end":{"line":404,"column":19}},"loc":{"start":{"line":404,"column":30},"end":{"line":404,"column":45}},"line":404},"41":{"name":"(anonymous_41)","decl":{"start":{"line":405,"column":18},"end":{"line":405,"column":19}},"loc":{"start":{"line":405,"column":26},"end":{"line":424,"column":13}},"line":405},"42":{"name":"(anonymous_42)","decl":{"start":{"line":413,"column":27},"end":{"line":413,"column":28}},"loc":{"start":{"line":413,"column":46},"end":{"line":419,"column":21}},"line":413}},"branchMap":{"0":{"loc":{"start":{"line":44,"column":4},"end":{"line":86,"column":5}},"type":"if","locations":[{"start":{"line":44,"column":4},"end":{"line":86,"column":5}},{"start":{"line":83,"column":9},"end":{"line":86,"column":5}}],"line":44},"1":{"loc":{"start":{"line":47,"column":8},"end":{"line":49,"column":9}},"type":"if","locations":[{"start":{"line":47,"column":8},"end":{"line":49,"column":9}},{"start":{},"end":{}}],"line":47},"2":{"loc":{"start":{"line":55,"column":8},"end":{"line":60,"column":9}},"type":"if","locations":[{"start":{"line":55,"column":8},"end":{"line":60,"column":9}},{"start":{},"end":{}}],"line":55},"3":{"loc":{"start":{"line":55,"column":12},"end":{"line":55,"column":50}},"type":"binary-expr","locations":[{"start":{"line":55,"column":12},"end":{"line":55,"column":28}},{"start":{"line":55,"column":32},"end":{"line":55,"column":50}}],"line":55},"4":{"loc":{"start":{"line":76,"column":8},"end":{"line":80,"column":9}},"type":"if","locations":[{"start":{"line":76,"column":8},"end":{"line":80,"column":9}},{"start":{},"end":{}}],"line":76},"5":{"loc":{"start":{"line":76,"column":12},"end":{"line":76,"column":44}},"type":"binary-expr","locations":[{"start":{"line":76,"column":12},"end":{"line":76,"column":26}},{"start":{"line":76,"column":30},"end":{"line":76,"column":44}}],"line":76},"6":{"loc":{"start":{"line":96,"column":8},"end":{"line":100,"column":9}},"type":"if","locations":[{"start":{"line":96,"column":8},"end":{"line":100,"column":9}},{"start":{"line":98,"column":15},"end":{"line":100,"column":9}}],"line":96},"7":{"loc":{"start":{"line":124,"column":8},"end":{"line":128,"column":9}},"type":"if","locations":[{"start":{"line":124,"column":8},"end":{"line":128,"column":9}},{"start":{"line":126,"column":15},"end":{"line":128,"column":9}}],"line":124},"8":{"loc":{"start":{"line":151,"column":8},"end":{"line":155,"column":9}},"type":"if","locations":[{"start":{"line":151,"column":8},"end":{"line":155,"column":9}},{"start":{"line":153,"column":15},"end":{"line":155,"column":9}}],"line":151},"9":{"loc":{"start":{"line":182,"column":8},"end":{"line":186,"column":9}},"type":"if","locations":[{"start":{"line":182,"column":8},"end":{"line":186,"column":9}},{"start":{"line":184,"column":15},"end":{"line":186,"column":9}}],"line":182},"10":{"loc":{"start":{"line":209,"column":28},"end":{"line":212,"column":29}},"type":"if","locations":[{"start":{"line":209,"column":28},"end":{"line":212,"column":29}},{"start":{},"end":{}}],"line":209},"11":{"loc":{"start":{"line":221,"column":8},"end":{"line":225,"column":9}},"type":"if","locations":[{"start":{"line":221,"column":8},"end":{"line":225,"column":9}},{"start":{"line":223,"column":15},"end":{"line":225,"column":9}}],"line":221},"12":{"loc":{"start":{"line":247,"column":28},"end":{"line":250,"column":29}},"type":"if","locations":[{"start":{"line":247,"column":28},"end":{"line":250,"column":29}},{"start":{},"end":{}}],"line":247},"13":{"loc":{"start":{"line":260,"column":8},"end":{"line":264,"column":9}},"type":"if","locations":[{"start":{"line":260,"column":8},"end":{"line":264,"column":9}},{"start":{"line":262,"column":15},"end":{"line":264,"column":9}}],"line":260},"14":{"loc":{"start":{"line":289,"column":8},"end":{"line":293,"column":9}},"type":"if","locations":[{"start":{"line":289,"column":8},"end":{"line":293,"column":9}},{"start":{"line":291,"column":15},"end":{"line":293,"column":9}}],"line":289},"15":{"loc":{"start":{"line":318,"column":8},"end":{"line":323,"column":9}},"type":"if","locations":[{"start":{"line":318,"column":8},"end":{"line":323,"column":9}},{"start":{"line":321,"column":13},"end":{"line":323,"column":9}}],"line":318},"16":{"loc":{"start":{"line":365,"column":8},"end":{"line":368,"column":9}},"type":"if","locations":[{"start":{"line":365,"column":8},"end":{"line":368,"column":9}},{"start":{},"end":{}}],"line":365},"17":{"loc":{"start":{"line":395,"column":8},"end":{"line":398,"column":9}},"type":"if","locations":[{"start":{"line":395,"column":8},"end":{"line":398,"column":9}},{"start":{},"end":{}}],"line":395},"18":{"loc":{"start":{"line":395,"column":12},"end":{"line":395,"column":54}},"type":"binary-expr","locations":[{"start":{"line":395,"column":12},"end":{"line":395,"column":24}},{"start":{"line":395,"column":28},"end":{"line":395,"column":54}}],"line":395},"19":{"loc":{"start":{"line":407,"column":16},"end":{"line":410,"column":17}},"type":"if","locations":[{"start":{"line":407,"column":16},"end":{"line":410,"column":17}},{"start":{},"end":{}}],"line":407},"20":{"loc":{"start":{"line":407,"column":20},"end":{"line":407,"column":64}},"type":"binary-expr","locations":[{"start":{"line":407,"column":20},"end":{"line":407,"column":34}},{"start":{"line":407,"column":38},"end":{"line":407,"column":64}}],"line":407},"21":{"loc":{"start":{"line":426,"column":8},"end":{"line":430,"column":9}},"type":"if","locations":[{"start":{"line":426,"column":8},"end":{"line":430,"column":9}},{"start":{"line":428,"column":15},"end":{"line":430,"column":9}}],"line":426}},"s":{"0":1,"1":1,"2":1,"3":1,"4":1,"5":10281,"6":10274,"7":10274,"8":10273,"9":10274,"10":10273,"11":10273,"12":10273,"13":10272,"14":10272,"15":10272,"16":10272,"17":1,"18":0,"19":1,"20":1,"21":1,"22":1,"23":1,"24":1,"25":7,"26":7,"27":10277,"28":10277,"29":10277,"30":10277,"31":10277,"32":0,"33":0,"34":0,"35":1,"36":2,"37":2,"38":2,"39":2,"40":2,"41":2,"42":2,"43":0,"44":2,"45":0,"46":0,"47":0,"48":2,"49":2,"50":2,"51":2,"52":2,"53":2,"54":2,"55":0,"56":2,"57":0,"58":0,"59":0,"60":2,"61":2,"62":2,"63":2,"64":2,"65":2,"66":2,"67":0,"68":2,"69":0,"70":0,"71":0,"72":2,"73":2,"74":2,"75":2,"76":2,"77":2,"78":2,"79":0,"80":0,"81":0,"82":0,"83":0,"84":0,"85":0,"86":0,"87":2,"88":0,"89":0,"90":0,"91":2,"92":2,"93":2,"94":2,"95":2,"96":2,"97":2,"98":0,"99":0,"100":0,"101":0,"102":0,"103":0,"104":0,"105":2,"106":0,"107":0,"108":0,"109":0,"110":2,"111":2,"112":2,"113":2,"114":2,"115":2,"116":2,"117":2,"118":0,"119":0,"120":0,"121":2,"122":2,"123":2,"124":2,"125":2,"126":2,"127":2,"128":2,"129":0,"130":0,"131":0,"132":0,"133":0,"134":0,"135":0,"136":0,"137":0,"138":0,"139":0,"140":0,"141":0,"142":0,"143":0,"144":0,"145":1,"146":1,"147":1,"148":1,"149":1,"150":0,"151":0,"152":1,"153":1,"154":1,"155":0,"156":0,"157":0,"158":0,"159":0,"160":0,"161":0,"162":7,"163":7,"164":0,"165":0,"166":7,"167":7,"168":7,"169":7,"170":7,"171":7,"172":4,"173":4,"174":3,"175":0,"176":3,"177":0,"178":0,"179":0},"f":{"0":10281,"1":0,"2":10277,"3":2,"4":2,"5":2,"6":0,"7":2,"8":2,"9":2,"10":0,"11":2,"12":2,"13":2,"14":0,"15":2,"16":2,"17":2,"18":0,"19":0,"20":0,"21":2,"22":2,"23":2,"24":0,"25":0,"26":0,"27":0,"28":2,"29":2,"30":2,"31":2,"32":2,"33":2,"34":0,"35":0,"36":1,"37":0,"38":0,"39":7,"40":7,"41":7,"42":0},"b":{"0":[10274,7],"1":[10273,1],"2":[10272,1],"3":[10273,10273],"4":[1,0],"5":[1,1],"6":[0,0],"7":[0,0],"8":[0,0],"9":[0,0],"10":[0,0],"11":[0,0],"12":[0,0],"13":[0,0],"14":[0,0],"15":[0,0],"16":[0,1],"17":[0,7],"18":[7,6],"19":[4,3],"20":[7,7],"21":[0,0]},"_coverageSchema":"1a1c01bbd47fc00a2c39e90264f33305004495a9","hash":"6ae944720737c31b880f724e7a40b544b94fbad1"}
,"/home/shane/CMKL/assurance/kht-clone/Src/KHT_Homepage/KHT_Homepage_Deploy/onEachFeatureFunction.js": {"path":"/home/shane/CMKL/assurance/kht-clone/Src/KHT_Homepage/KHT_Homepage_Deploy/onEachFeatureFunction.js","statementMap":{"0":{"start":{"line":9,"column":4},"end":{"line":11,"column":5}},"1":{"start":{"line":10,"column":8},"end":{"line":10,"column":69}},"2":{"start":{"line":22,"column":19},"end":{"line":22,"column":56}},"3":{"start":{"line":23,"column":19},"end":{"line":23,"column":59}},"4":{"start":{"line":24,"column":4},"end":{"line":24,"column":46}},"5":{"start":{"line":25,"column":4},"end":{"line":177,"column":7}},"6":{"start":{"line":28,"column":8},"end":{"line":31,"column":9}},"7":{"start":{"line":29,"column":12},"end":{"line":29,"column":53}},"8":{"start":{"line":30,"column":12},"end":{"line":30,"column":19}},"9":{"start":{"line":34,"column":8},"end":{"line":34,"column":28}},"10":{"start":{"line":36,"column":8},"end":{"line":36,"column":51}},"11":{"start":{"line":37,"column":8},"end":{"line":37,"column":47}},"12":{"start":{"line":38,"column":8},"end":{"line":38,"column":45}},"13":{"start":{"line":39,"column":8},"end":{"line":39,"column":49}},"14":{"start":{"line":40,"column":8},"end":{"line":40,"column":48}},"15":{"start":{"line":41,"column":8},"end":{"line":41,"column":39}},"16":{"start":{"line":42,"column":8},"end":{"line":42,"column":46}},"17":{"start":{"line":43,"column":8},"end":{"line":43,"column":50}},"18":{"start":{"line":44,"column":8},"end":{"line":44,"column":48}},"19":{"start":{"line":47,"column":8},"end":{"line":47,"column":61}},"20":{"start":{"line":50,"column":8},"end":{"line":50,"column":29}},"21":{"start":{"line":53,"column":8},"end":{"line":53,"column":29}},"22":{"start":{"line":54,"column":19},"end":{"line":54,"column":43}},"23":{"start":{"line":55,"column":8},"end":{"line":55,"column":39}},"24":{"start":{"line":59,"column":12},"end":{"line":115,"column":13}},"25":{"start":{"line":60,"column":29},"end":{"line":60,"column":45}},"26":{"start":{"line":61,"column":29},"end":{"line":61,"column":55}},"27":{"start":{"line":62,"column":28},"end":{"line":62,"column":114}},"28":{"start":{"line":63,"column":33},"end":{"line":63,"column":49}},"29":{"start":{"line":65,"column":29},"end":{"line":65,"column":50}},"30":{"start":{"line":67,"column":16},"end":{"line":112,"column":19}},"31":{"start":{"line":68,"column":42},"end":{"line":68,"column":76}},"32":{"start":{"line":70,"column":41},"end":{"line":70,"column":98}},"33":{"start":{"line":73,"column":20},"end":{"line":73,"column":55}},"34":{"start":{"line":76,"column":20},"end":{"line":76,"column":92}},"35":{"start":{"line":77,"column":38},"end":{"line":77,"column":67}},"36":{"start":{"line":80,"column":37},"end":{"line":80,"column":90}},"37":{"start":{"line":82,"column":20},"end":{"line":82,"column":47}},"38":{"start":{"line":85,"column":20},"end":{"line":85,"column":84}},"39":{"start":{"line":87,"column":36},"end":{"line":87,"column":63}},"40":{"start":{"line":89,"column":35},"end":{"line":89,"column":86}},"41":{"start":{"line":92,"column":20},"end":{"line":92,"column":43}},"42":{"start":{"line":95,"column":20},"end":{"line":95,"column":80}},"43":{"start":{"line":97,"column":40},"end":{"line":97,"column":71}},"44":{"start":{"line":99,"column":39},"end":{"line":99,"column":94}},"45":{"start":{"line":101,"column":20},"end":{"line":101,"column":51}},"46":{"start":{"line":103,"column":20},"end":{"line":103,"column":88}},"47":{"start":{"line":105,"column":39},"end":{"line":105,"column":69}},"48":{"start":{"line":107,"column":38},"end":{"line":107,"column":92}},"49":{"start":{"line":109,"column":20},"end":{"line":109,"column":49}},"50":{"start":{"line":111,"column":20},"end":{"line":111,"column":86}},"51":{"start":{"line":114,"column":16},"end":{"line":114,"column":47}},"52":{"start":{"line":117,"column":8},"end":{"line":117,"column":42}},"53":{"start":{"line":119,"column":28},"end":{"line":119,"column":62}},"54":{"start":{"line":120,"column":8},"end":{"line":120,"column":87}},"55":{"start":{"line":122,"column":30},"end":{"line":122,"column":67}},"56":{"start":{"line":123,"column":8},"end":{"line":123,"column":94}},"57":{"start":{"line":124,"column":8},"end":{"line":124,"column":35}},"58":{"start":{"line":126,"column":28},"end":{"line":126,"column":65}},"59":{"start":{"line":127,"column":8},"end":{"line":127,"column":87}},"60":{"start":{"line":129,"column":31},"end":{"line":129,"column":74}},"61":{"start":{"line":130,"column":8},"end":{"line":130,"column":96}},"62":{"start":{"line":132,"column":33},"end":{"line":132,"column":78}},"63":{"start":{"line":133,"column":8},"end":{"line":133,"column":102}},"64":{"start":{"line":135,"column":28},"end":{"line":135,"column":69}},"65":{"start":{"line":136,"column":8},"end":{"line":136,"column":87}},"66":{"start":{"line":138,"column":26},"end":{"line":138,"column":59}},"67":{"start":{"line":139,"column":8},"end":{"line":139,"column":81}},"68":{"start":{"line":141,"column":28},"end":{"line":141,"column":63}},"69":{"start":{"line":142,"column":8},"end":{"line":142,"column":87}},"70":{"start":{"line":144,"column":30},"end":{"line":144,"column":67}},"71":{"start":{"line":145,"column":8},"end":{"line":145,"column":93}},"72":{"start":{"line":147,"column":27},"end":{"line":147,"column":59}},"73":{"start":{"line":148,"column":8},"end":{"line":148,"column":83}},"74":{"start":{"line":150,"column":26},"end":{"line":150,"column":78}},"75":{"start":{"line":151,"column":8},"end":{"line":151,"column":81}},"76":{"start":{"line":153,"column":25},"end":{"line":153,"column":65}},"77":{"start":{"line":154,"column":8},"end":{"line":154,"column":77}},"78":{"start":{"line":156,"column":29},"end":{"line":156,"column":70}},"79":{"start":{"line":157,"column":8},"end":{"line":157,"column":90}},"80":{"start":{"line":159,"column":33},"end":{"line":159,"column":78}},"81":{"start":{"line":160,"column":8},"end":{"line":160,"column":102}},"82":{"start":{"line":162,"column":36},"end":{"line":162,"column":79}},"83":{"start":{"line":163,"column":8},"end":{"line":163,"column":112}},"84":{"start":{"line":165,"column":30},"end":{"line":165,"column":72}},"85":{"start":{"line":166,"column":8},"end":{"line":166,"column":93}},"86":{"start":{"line":168,"column":21},"end":{"line":168,"column":47}},"87":{"start":{"line":169,"column":26},"end":{"line":169,"column":58}},"88":{"start":{"line":170,"column":30},"end":{"line":170,"column":66}},"89":{"start":{"line":171,"column":28},"end":{"line":171,"column":62}},"90":{"start":{"line":172,"column":8},"end":{"line":172,"column":58}},"91":{"start":{"line":173,"column":8},"end":{"line":173,"column":70}},"92":{"start":{"line":174,"column":8},"end":{"line":174,"column":78}},"93":{"start":{"line":175,"column":8},"end":{"line":175,"column":74}}},"fnMap":{"0":{"name":"resetClickedLayer","decl":{"start":{"line":8,"column":9},"end":{"line":8,"column":26}},"loc":{"start":{"line":8,"column":29},"end":{"line":12,"column":1}},"line":8},"1":{"name":"onEachFeatureFunction","decl":{"start":{"line":21,"column":9},"end":{"line":21,"column":30}},"loc":{"start":{"line":21,"column":47},"end":{"line":178,"column":1}},"line":21},"2":{"name":"(anonymous_2)","decl":{"start":{"line":25,"column":22},"end":{"line":25,"column":23}},"loc":{"start":{"line":25,"column":35},"end":{"line":177,"column":5}},"line":25},"3":{"name":"fetchProjectDataWithVillageID","decl":{"start":{"line":58,"column":23},"end":{"line":58,"column":52}},"loc":{"start":{"line":58,"column":57},"end":{"line":116,"column":9}},"line":58},"4":{"name":"(anonymous_4)","decl":{"start":{"line":67,"column":38},"end":{"line":67,"column":39}},"loc":{"start":{"line":67,"column":49},"end":{"line":112,"column":17}},"line":67}},"branchMap":{"0":{"loc":{"start":{"line":9,"column":4},"end":{"line":11,"column":5}},"type":"if","locations":[{"start":{"line":9,"column":4},"end":{"line":11,"column":5}},{"start":{},"end":{}}],"line":9},"1":{"loc":{"start":{"line":22,"column":19},"end":{"line":22,"column":56}},"type":"binary-expr","locations":[{"start":{"line":22,"column":19},"end":{"line":22,"column":50}},{"start":{"line":22,"column":54},"end":{"line":22,"column":56}}],"line":22},"2":{"loc":{"start":{"line":23,"column":19},"end":{"line":23,"column":59}},"type":"binary-expr","locations":[{"start":{"line":23,"column":19},"end":{"line":23,"column":53}},{"start":{"line":23,"column":57},"end":{"line":23,"column":59}}],"line":23},"3":{"loc":{"start":{"line":28,"column":8},"end":{"line":31,"column":9}},"type":"if","locations":[{"start":{"line":28,"column":8},"end":{"line":31,"column":9}},{"start":{},"end":{}}],"line":28},"4":{"loc":{"start":{"line":70,"column":41},"end":{"line":70,"column":98}},"type":"binary-expr","locations":[{"start":{"line":70,"column":41},"end":{"line":70,"column":92}},{"start":{"line":70,"column":96},"end":{"line":70,"column":98}}],"line":70},"5":{"loc":{"start":{"line":80,"column":37},"end":{"line":80,"column":90}},"type":"binary-expr","locations":[{"start":{"line":80,"column":37},"end":{"line":80,"column":84}},{"start":{"line":80,"column":88},"end":{"line":80,"column":90}}],"line":80},"6":{"loc":{"start":{"line":89,"column":35},"end":{"line":89,"column":86}},"type":"binary-expr","locations":[{"start":{"line":89,"column":35},"end":{"line":89,"column":80}},{"start":{"line":89,"column":84},"end":{"line":89,"column":86}}],"line":89},"7":{"loc":{"start":{"line":99,"column":39},"end":{"line":99,"column":94}},"type":"binary-expr","locations":[{"start":{"line":99,"column":39},"end":{"line":99,"column":88}},{"start":{"line":99,"column":92},"end":{"line":99,"column":94}}],"line":99},"8":{"loc":{"start":{"line":107,"column":38},"end":{"line":107,"column":92}},"type":"binary-expr","locations":[{"start":{"line":107,"column":38},"end":{"line":107,"column":86}},{"start":{"line":107,"column":90},"end":{"line":107,"column":92}}],"line":107},"9":{"loc":{"start":{"line":120,"column":45},"end":{"line":120,"column":85}},"type":"cond-expr","locations":[{"start":{"line":120,"column":68},"end":{"line":120,"column":71}},{"start":{"line":120,"column":74},"end":{"line":120,"column":85}}],"line":120},"10":{"loc":{"start":{"line":123,"column":48},"end":{"line":123,"column":92}},"type":"cond-expr","locations":[{"start":{"line":123,"column":73},"end":{"line":123,"column":76}},{"start":{"line":123,"column":79},"end":{"line":123,"column":92}}],"line":123},"11":{"loc":{"start":{"line":127,"column":45},"end":{"line":127,"column":85}},"type":"cond-expr","locations":[{"start":{"line":127,"column":68},"end":{"line":127,"column":71}},{"start":{"line":127,"column":74},"end":{"line":127,"column":85}}],"line":127},"12":{"loc":{"start":{"line":130,"column":48},"end":{"line":130,"column":94}},"type":"cond-expr","locations":[{"start":{"line":130,"column":74},"end":{"line":130,"column":77}},{"start":{"line":130,"column":80},"end":{"line":130,"column":94}}],"line":130},"13":{"loc":{"start":{"line":133,"column":50},"end":{"line":133,"column":100}},"type":"cond-expr","locations":[{"start":{"line":133,"column":78},"end":{"line":133,"column":81}},{"start":{"line":133,"column":84},"end":{"line":133,"column":100}}],"line":133},"14":{"loc":{"start":{"line":136,"column":45},"end":{"line":136,"column":85}},"type":"cond-expr","locations":[{"start":{"line":136,"column":68},"end":{"line":136,"column":71}},{"start":{"line":136,"column":74},"end":{"line":136,"column":85}}],"line":136},"15":{"loc":{"start":{"line":139,"column":43},"end":{"line":139,"column":79}},"type":"cond-expr","locations":[{"start":{"line":139,"column":64},"end":{"line":139,"column":67}},{"start":{"line":139,"column":70},"end":{"line":139,"column":79}}],"line":139},"16":{"loc":{"start":{"line":142,"column":45},"end":{"line":142,"column":85}},"type":"cond-expr","locations":[{"start":{"line":142,"column":68},"end":{"line":142,"column":71}},{"start":{"line":142,"column":74},"end":{"line":142,"column":85}}],"line":142},"17":{"loc":{"start":{"line":145,"column":47},"end":{"line":145,"column":91}},"type":"cond-expr","locations":[{"start":{"line":145,"column":72},"end":{"line":145,"column":75}},{"start":{"line":145,"column":78},"end":{"line":145,"column":91}}],"line":145},"18":{"loc":{"start":{"line":148,"column":43},"end":{"line":148,"column":81}},"type":"cond-expr","locations":[{"start":{"line":148,"column":65},"end":{"line":148,"column":68}},{"start":{"line":148,"column":71},"end":{"line":148,"column":81}}],"line":148},"19":{"loc":{"start":{"line":151,"column":43},"end":{"line":151,"column":79}},"type":"cond-expr","locations":[{"start":{"line":151,"column":64},"end":{"line":151,"column":67}},{"start":{"line":151,"column":70},"end":{"line":151,"column":79}}],"line":151},"20":{"loc":{"start":{"line":154,"column":41},"end":{"line":154,"column":75}},"type":"cond-expr","locations":[{"start":{"line":154,"column":61},"end":{"line":154,"column":64}},{"start":{"line":154,"column":67},"end":{"line":154,"column":75}}],"line":154},"21":{"loc":{"start":{"line":157,"column":46},"end":{"line":157,"column":88}},"type":"cond-expr","locations":[{"start":{"line":157,"column":70},"end":{"line":157,"column":73}},{"start":{"line":157,"column":76},"end":{"line":157,"column":88}}],"line":157},"22":{"loc":{"start":{"line":160,"column":50},"end":{"line":160,"column":100}},"type":"cond-expr","locations":[{"start":{"line":160,"column":78},"end":{"line":160,"column":81}},{"start":{"line":160,"column":84},"end":{"line":160,"column":100}}],"line":160},"23":{"loc":{"start":{"line":163,"column":54},"end":{"line":163,"column":110}},"type":"cond-expr","locations":[{"start":{"line":163,"column":85},"end":{"line":163,"column":88}},{"start":{"line":163,"column":91},"end":{"line":163,"column":110}}],"line":163},"24":{"loc":{"start":{"line":166,"column":47},"end":{"line":166,"column":91}},"type":"cond-expr","locations":[{"start":{"line":166,"column":72},"end":{"line":166,"column":75}},{"start":{"line":166,"column":78},"end":{"line":166,"column":91}}],"line":166}},"s":{"0":5,"1":4,"2":9,"3":9,"4":9,"5":9,"6":5,"7":0,"8":0,"9":5,"10":5,"11":5,"12":5,"13":5,"14":5,"15":5,"16":5,"17":5,"18":5,"19":5,"20":5,"21":5,"22":5,"23":5,"24":5,"25":5,"26":5,"27":5,"28":5,"29":5,"30":5,"31":0,"32":0,"33":0,"34":0,"35":0,"36":0,"37":0,"38":0,"39":0,"40":0,"41":0,"42":0,"43":0,"44":0,"45":0,"46":0,"47":0,"48":0,"49":0,"50":0,"51":5,"52":5,"53":5,"54":5,"55":5,"56":5,"57":5,"58":5,"59":5,"60":5,"61":5,"62":5,"63":5,"64":5,"65":5,"66":5,"67":5,"68":5,"69":5,"70":5,"71":5,"72":5,"73":5,"74":5,"75":5,"76":5,"77":5,"78":5,"79":5,"80":5,"81":5,"82":5,"83":5,"84":5,"85":5,"86":5,"87":5,"88":5,"89":5,"90":5,"91":5,"92":5,"93":5},"f":{"0":5,"1":9,"2":5,"3":5,"4":0},"b":{"0":[4,1],"1":[9,2],"2":[9,2],"3":[0,5],"4":[0,0],"5":[0,0],"6":[0,0],"7":[0,0],"8":[0,0],"9":[2,3],"10":[2,3],"11":[2,3],"12":[2,3],"13":[2,3],"14":[2,3],"15":[2,3],"16":[2,3],"17":[2,3],"18":[1,4],"19":[2,3],"20":[1,4],"21":[2,3],"22":[2,3],"23":[2,3],"24":[2,3]},"_coverageSchema":"1a1c01bbd47fc00a2c39e90264f33305004495a9","hash":"9cc3cae8158cad82b3a1b68173db1bc062228379"}
,"/home/shane/CMKL/assurance/kht-clone/Src/KHT_Homepage/KHT_Homepage_Deploy/routingMode.js": {"path":"/home/shane/CMKL/assurance/kht-clone/Src/KHT_Homepage/KHT_Homepage_Deploy/routingMode.js","statementMap":{"0":{"start":{"line":5,"column":20},"end":{"line":5,"column":25}},"1":{"start":{"line":6,"column":19},"end":{"line":6,"column":23}},"2":{"start":{"line":7,"column":17},"end":{"line":7,"column":21}},"3":{"start":{"line":8,"column":17},"end":{"line":8,"column":21}},"4":{"start":{"line":9,"column":15},"end":{"line":9,"column":19}},"5":{"start":{"line":13,"column":4},"end":{"line":13,"column":35}},"6":{"start":{"line":14,"column":4},"end":{"line":14,"column":19}},"7":{"start":{"line":15,"column":4},"end":{"line":15,"column":25}},"8":{"start":{"line":20,"column":4},"end":{"line":20,"column":25}},"9":{"start":{"line":25,"column":4},"end":{"line":25,"column":37}},"10":{"start":{"line":25,"column":24},"end":{"line":25,"column":37}},"11":{"start":{"line":27,"column":19},"end":{"line":27,"column":52}},"12":{"start":{"line":28,"column":4},"end":{"line":28,"column":42}},"13":{"start":{"line":30,"column":4},"end":{"line":34,"column":5}},"14":{"start":{"line":31,"column":8},"end":{"line":31,"column":56}},"15":{"start":{"line":32,"column":8},"end":{"line":32,"column":38}},"16":{"start":{"line":33,"column":8},"end":{"line":33,"column":21}},"17":{"start":{"line":37,"column":4},"end":{"line":73,"column":5}},"18":{"start":{"line":38,"column":8},"end":{"line":38,"column":30}},"19":{"start":{"line":39,"column":8},"end":{"line":39,"column":27}},"20":{"start":{"line":40,"column":8},"end":{"line":49,"column":9}},"21":{"start":{"line":42,"column":12},"end":{"line":42,"column":68}},"22":{"start":{"line":43,"column":12},"end":{"line":43,"column":58}},"23":{"start":{"line":44,"column":12},"end":{"line":44,"column":106}},"24":{"start":{"line":50,"column":8},"end":{"line":50,"column":15}},"25":{"start":{"line":53,"column":9},"end":{"line":73,"column":5}},"26":{"start":{"line":54,"column":8},"end":{"line":54,"column":28}},"27":{"start":{"line":55,"column":8},"end":{"line":55,"column":25}},"28":{"start":{"line":56,"column":8},"end":{"line":65,"column":9}},"29":{"start":{"line":58,"column":8},"end":{"line":58,"column":64}},"30":{"start":{"line":59,"column":8},"end":{"line":59,"column":99}},"31":{"start":{"line":60,"column":8},"end":{"line":60,"column":50}},"32":{"start":{"line":67,"column":8},"end":{"line":67,"column":51}},"33":{"start":{"line":70,"column":8},"end":{"line":70,"column":82}},"34":{"start":{"line":71,"column":8},"end":{"line":71,"column":30}},"35":{"start":{"line":72,"column":8},"end":{"line":72,"column":15}},"36":{"start":{"line":75,"column":4},"end":{"line":75,"column":17}},"37":{"start":{"line":81,"column":4},"end":{"line":88,"column":19}},"38":{"start":{"line":82,"column":8},"end":{"line":84,"column":9}},"39":{"start":{"line":83,"column":12},"end":{"line":83,"column":71}},"40":{"start":{"line":85,"column":8},"end":{"line":87,"column":9}},"41":{"start":{"line":86,"column":12},"end":{"line":86,"column":69}},"42":{"start":{"line":90,"column":4},"end":{"line":90,"column":24}},"43":{"start":{"line":91,"column":4},"end":{"line":91,"column":22}},"44":{"start":{"line":92,"column":4},"end":{"line":92,"column":22}},"45":{"start":{"line":93,"column":4},"end":{"line":93,"column":20}},"46":{"start":{"line":96,"column":4},"end":{"line":99,"column":5}},"47":{"start":{"line":97,"column":8},"end":{"line":97,"column":38}},"48":{"start":{"line":98,"column":8},"end":{"line":98,"column":47}}},"fnMap":{"0":{"name":"toggleRoutingMode","decl":{"start":{"line":12,"column":16},"end":{"line":12,"column":33}},"loc":{"start":{"line":12,"column":36},"end":{"line":16,"column":1}},"line":12},"1":{"name":"isInRoutingMode","decl":{"start":{"line":19,"column":16},"end":{"line":19,"column":31}},"loc":{"start":{"line":19,"column":34},"end":{"line":21,"column":1}},"line":19},"2":{"name":"handleRoutingVillageClick","decl":{"start":{"line":24,"column":16},"end":{"line":24,"column":41}},"loc":{"start":{"line":24,"column":58},"end":{"line":76,"column":1}},"line":24},"3":{"name":"resetRouting","decl":{"start":{"line":79,"column":16},"end":{"line":79,"column":28}},"loc":{"start":{"line":79,"column":31},"end":{"line":100,"column":1}},"line":79}},"branchMap":{"0":{"loc":{"start":{"line":25,"column":4},"end":{"line":25,"column":37}},"type":"if","locations":[{"start":{"line":25,"column":4},"end":{"line":25,"column":37}},{"start":{},"end":{}}],"line":25},"1":{"loc":{"start":{"line":30,"column":4},"end":{"line":34,"column":5}},"type":"if","locations":[{"start":{"line":30,"column":4},"end":{"line":34,"column":5}},{"start":{},"end":{}}],"line":30},"2":{"loc":{"start":{"line":37,"column":4},"end":{"line":73,"column":5}},"type":"if","locations":[{"start":{"line":37,"column":4},"end":{"line":73,"column":5}},{"start":{"line":53,"column":9},"end":{"line":73,"column":5}}],"line":37},"3":{"loc":{"start":{"line":53,"column":9},"end":{"line":73,"column":5}},"type":"if","locations":[{"start":{"line":53,"column":9},"end":{"line":73,"column":5}},{"start":{},"end":{}}],"line":53},"4":{"loc":{"start":{"line":82,"column":8},"end":{"line":84,"column":9}},"type":"if","locations":[{"start":{"line":82,"column":8},"end":{"line":84,"column":9}},{"start":{},"end":{}}],"line":82},"5":{"loc":{"start":{"line":85,"column":8},"end":{"line":87,"column":9}},"type":"if","locations":[{"start":{"line":85,"column":8},"end":{"line":87,"column":9}},{"start":{},"end":{}}],"line":85},"6":{"loc":{"start":{"line":96,"column":4},"end":{"line":99,"column":5}},"type":"if","locations":[{"start":{"line":96,"column":4},"end":{"line":99,"column":5}},{"start":{},"end":{}}],"line":96},"7":{"loc":{"start":{"line":96,"column":8},"end":{"line":96,"column":50}},"type":"binary-expr","locations":[{"start":{"line":96,"column":8},"end":{"line":96,"column":20}},{"start":{"line":96,"column":24},"end":{"line":96,"column":50}}],"line":96}},"s":{"0":1,"1":1,"2":1,"3":1,"4":1,"5":21,"6":21,"7":21,"8":79,"9":13,"10":1,"11":12,"12":12,"13":12,"14":1,"15":1,"16":1,"17":11,"18":8,"19":8,"20":8,"21":8,"22":8,"23":8,"24":8,"25":3,"26":3,"27":3,"28":3,"29":3,"30":3,"31":3,"32":3,"33":3,"34":3,"35":3,"36":0,"37":24,"38":24,"39":8,"40":24,"41":3,"42":24,"43":24,"44":24,"45":24,"46":24,"47":0,"48":0},"f":{"0":21,"1":79,"2":13,"3":24},"b":{"0":[1,12],"1":[1,11],"2":[8,3],"3":[3,0],"4":[8,16],"5":[3,21],"6":[0,24],"7":[24,24]},"_coverageSchema":"1a1c01bbd47fc00a2c39e90264f33305004495a9","hash":"38b4e6e03f2575d33739abb81eb341d55049ddda"}
}
