TN:
SF:Src/KHT_Homepage/KHT_Homepage_Deploy/get_data.js
FN:43,getVillageData
FN:63,(anonymous_1)
FN:89,fetchInitialVillageData
FN:106,getWaterAreas
FN:112,(anonymous_4)
FN:113,(anonymous_5)
FN:115,(anonymous_6)
FN:133,getWaterLines
FN:139,(anonymous_8)
FN:140,(anonymous_9)
FN:142,(anonymous_10)
FN:160,getRoads
FN:167,(anonymous_12)
FN:168,(anonymous_13)
FN:170,(anonymous_14)
FN:191,getHospitals
FN:197,(anonymous_16)
FN:198,(anonymous_17)
FN:200,(anonymous_18)
FN:203,(anonymous_19)
FN:207,(anonymous_20)
FN:230,getSchools
FN:236,(anonymous_22)
FN:237,(anonymous_23)
FN:239,(anonymous_24)
FN:242,(anonymous_25)
FN:245,(anonymous_26)
FN:258,(anonymous_27)
FN:269,getDistricts
FN:275,(anonymous_29)
FN:276,(anonymous_30)
FN:298,getSubDistricts
FN:304,(anonymous_32)
FN:305,(anonymous_33)
FN:327,fetchVillagebByYear
FN:338,fetchVillagebByStartAndEndYear
FN:351,fetchVillagebyProjectType
FN:372,(anonymous_37)
FN:380,fetchVillageByDistance
FN:392,getRoute
FN:404,(anonymous_40)
FN:405,(anonymous_41)
FN:413,(anonymous_42)
FNF:43
FNH:27
FNDA:10281,getVillageData
FNDA:0,(anonymous_1)
FNDA:10277,fetchInitialVillageData
FNDA:2,getWaterAreas
FNDA:2,(anonymous_4)
FNDA:2,(anonymous_5)
FNDA:0,(anonymous_6)
FNDA:2,getWaterLines
FNDA:2,(anonymous_8)
FNDA:2,(anonymous_9)
FNDA:0,(anonymous_10)
FNDA:2,getRoads
FNDA:2,(anonymous_12)
FNDA:2,(anonymous_13)
FNDA:0,(anonymous_14)
FNDA:2,getHospitals
FNDA:2,(anonymous_16)
FNDA:2,(anonymous_17)
FNDA:0,(anonymous_18)
FNDA:0,(anonymous_19)
FNDA:0,(anonymous_20)
FNDA:2,getSchools
FNDA:2,(anonymous_22)
FNDA:2,(anonymous_23)
FNDA:0,(anonymous_24)
FNDA:0,(anonymous_25)
FNDA:0,(anonymous_26)
FNDA:0,(anonymous_27)
FNDA:2,getDistricts
FNDA:2,(anonymous_29)
FNDA:2,(anonymous_30)
FNDA:2,getSubDistricts
FNDA:2,(anonymous_32)
FNDA:2,(anonymous_33)
FNDA:0,fetchVillagebByYear
FNDA:0,fetchVillagebByStartAndEndYear
FNDA:1,fetchVillagebyProjectType
FNDA:0,(anonymous_37)
FNDA:0,fetchVillageByDistance
FNDA:7,getRoute
FNDA:7,(anonymous_40)
FNDA:7,(anonymous_41)
FNDA:0,(anonymous_42)
DA:11,1
DA:13,1
DA:14,1
DA:29,1
DA:34,1
DA:44,10281
DA:45,10274
DA:47,10274
DA:48,10273
DA:50,10274
DA:51,10273
DA:53,10273
DA:55,10273
DA:56,10272
DA:57,10272
DA:58,10272
DA:59,10272
DA:62,1
DA:64,0
DA:75,1
DA:76,1
DA:77,1
DA:78,1
DA:79,1
DA:81,1
DA:84,7
DA:85,7
DA:90,10277
DA:91,10277
DA:92,10277
DA:93,10277
DA:94,10277
DA:96,0
DA:97,0
DA:99,0
DA:103,1
DA:107,2
DA:108,2
DA:109,2
DA:110,2
DA:111,2
DA:112,2
DA:114,2
DA:116,0
DA:121,2
DA:124,0
DA:125,0
DA:127,0
DA:134,2
DA:135,2
DA:136,2
DA:137,2
DA:138,2
DA:139,2
DA:141,2
DA:143,0
DA:148,2
DA:151,0
DA:152,0
DA:154,0
DA:161,2
DA:162,2
DA:163,2
DA:164,2
DA:166,2
DA:167,2
DA:169,2
DA:171,0
DA:179,2
DA:182,0
DA:183,0
DA:185,0
DA:192,2
DA:193,2
DA:194,2
DA:195,2
DA:196,2
DA:197,2
DA:199,2
DA:201,0
DA:204,0
DA:205,0
DA:207,0
DA:208,0
DA:209,0
DA:210,0
DA:211,0
DA:218,2
DA:221,0
DA:222,0
DA:224,0
DA:231,2
DA:232,2
DA:233,2
DA:234,2
DA:235,2
DA:236,2
DA:238,2
DA:240,0
DA:243,0
DA:245,0
DA:246,0
DA:247,0
DA:248,0
DA:249,0
DA:256,2
DA:258,0
DA:260,0
DA:261,0
DA:263,0
DA:270,2
DA:271,2
DA:272,2
DA:273,2
DA:274,2
DA:275,2
DA:277,2
DA:286,2
DA:289,0
DA:290,0
DA:292,0
DA:299,2
DA:300,2
DA:301,2
DA:302,2
DA:303,2
DA:304,2
DA:306,2
DA:315,2
DA:318,0
DA:319,0
DA:322,0
DA:328,0
DA:329,0
DA:330,0
DA:331,0
DA:332,0
DA:334,0
DA:339,0
DA:340,0
DA:341,0
DA:342,0
DA:343,0
DA:345,0
DA:347,0
DA:352,1
DA:353,1
DA:354,1
DA:357,1
DA:365,1
DA:366,0
DA:367,0
DA:370,1
DA:371,1
DA:372,1
DA:376,0
DA:381,0
DA:382,0
DA:383,0
DA:384,0
DA:385,0
DA:387,0
DA:393,7
DA:395,7
DA:396,0
DA:397,0
DA:399,7
DA:400,7
DA:401,7
DA:403,7
DA:404,7
DA:407,7
DA:408,4
DA:409,4
DA:412,3
DA:414,0
DA:423,3
DA:426,0
DA:427,0
DA:429,0
LF:180
LH:108
BRDA:44,0,0,10274
BRDA:44,0,1,7
BRDA:47,1,0,10273
BRDA:47,1,1,1
BRDA:55,2,0,10272
BRDA:55,2,1,1
BRDA:55,3,0,10273
BRDA:55,3,1,10273
BRDA:76,4,0,1
BRDA:76,4,1,0
BRDA:76,5,0,1
BRDA:76,5,1,1
BRDA:96,6,0,0
BRDA:96,6,1,0
BRDA:124,7,0,0
BRDA:124,7,1,0
BRDA:151,8,0,0
BRDA:151,8,1,0
BRDA:182,9,0,0
BRDA:182,9,1,0
BRDA:209,10,0,0
BRDA:209,10,1,0
BRDA:221,11,0,0
BRDA:221,11,1,0
BRDA:247,12,0,0
BRDA:247,12,1,0
BRDA:260,13,0,0
BRDA:260,13,1,0
BRDA:289,14,0,0
BRDA:289,14,1,0
BRDA:318,15,0,0
BRDA:318,15,1,0
BRDA:365,16,0,0
BRDA:365,16,1,1
BRDA:395,17,0,0
BRDA:395,17,1,7
BRDA:395,18,0,7
BRDA:395,18,1,6
BRDA:407,19,0,4
BRDA:407,19,1,3
BRDA:407,20,0,7
BRDA:407,20,1,7
BRDA:426,21,0,0
BRDA:426,21,1,0
BRF:44
BRH:19
end_of_record
TN:
SF:Src/KHT_Homepage/KHT_Homepage_Deploy/onEachFeatureFunction.js
FN:8,resetClickedLayer
FN:21,onEachFeatureFunction
FN:25,(anonymous_2)
FN:58,fetchProjectDataWithVillageID
FN:67,(anonymous_4)
FNF:5
FNH:4
FNDA:5,resetClickedLayer
FNDA:9,onEachFeatureFunction
FNDA:5,(anonymous_2)
FNDA:5,fetchProjectDataWithVillageID
FNDA:0,(anonymous_4)
DA:9,5
DA:10,4
DA:22,9
DA:23,9
DA:24,9
DA:25,9
DA:28,5
DA:29,0
DA:30,0
DA:34,5
DA:36,5
DA:37,5
DA:38,5
DA:39,5
DA:40,5
DA:41,5
DA:42,5
DA:43,5
DA:44,5
DA:47,5
DA:50,5
DA:53,5
DA:54,5
DA:55,5
DA:59,5
DA:60,5
DA:61,5
DA:62,5
DA:63,5
DA:65,5
DA:67,5
DA:68,0
DA:70,0
DA:73,0
DA:76,0
DA:77,0
DA:80,0
DA:82,0
DA:85,0
DA:87,0
DA:89,0
DA:92,0
DA:95,0
DA:97,0
DA:99,0
DA:101,0
DA:103,0
DA:105,0
DA:107,0
DA:109,0
DA:111,0
DA:114,5
DA:117,5
DA:119,5
DA:120,5
DA:122,5
DA:123,5
DA:124,5
DA:126,5
DA:127,5
DA:129,5
DA:130,5
DA:132,5
DA:133,5
DA:135,5
DA:136,5
DA:138,5
DA:139,5
DA:141,5
DA:142,5
DA:144,5
DA:145,5
DA:147,5
DA:148,5
DA:150,5
DA:151,5
DA:153,5
DA:154,5
DA:156,5
DA:157,5
DA:159,5
DA:160,5
DA:162,5
DA:163,5
DA:165,5
DA:166,5
DA:168,5
DA:169,5
DA:170,5
DA:171,5
DA:172,5
DA:173,5
DA:174,5
DA:175,5
LF:94
LH:72
BRDA:9,0,0,4
BRDA:9,0,1,1
BRDA:22,1,0,9
BRDA:22,1,1,2
BRDA:23,2,0,9
BRDA:23,2,1,2
BRDA:28,3,0,0
BRDA:28,3,1,5
BRDA:70,4,0,0
BRDA:70,4,1,0
BRDA:80,5,0,0
BRDA:80,5,1,0
BRDA:89,6,0,0
BRDA:89,6,1,0
BRDA:99,7,0,0
BRDA:99,7,1,0
BRDA:107,8,0,0
BRDA:107,8,1,0
BRDA:120,9,0,2
BRDA:120,9,1,3
BRDA:123,10,0,2
BRDA:123,10,1,3
BRDA:127,11,0,2
BRDA:127,11,1,3
BRDA:130,12,0,2
BRDA:130,12,1,3
BRDA:133,13,0,2
BRDA:133,13,1,3
BRDA:136,14,0,2
BRDA:136,14,1,3
BRDA:139,15,0,2
BRDA:139,15,1,3
BRDA:142,16,0,2
BRDA:142,16,1,3
BRDA:145,17,0,2
BRDA:145,17,1,3
BRDA:148,18,0,1
BRDA:148,18,1,4
BRDA:151,19,0,2
BRDA:151,19,1,3
BRDA:154,20,0,1
BRDA:154,20,1,4
BRDA:157,21,0,2
BRDA:157,21,1,3
BRDA:160,22,0,2
BRDA:160,22,1,3
BRDA:163,23,0,2
BRDA:163,23,1,3
BRDA:166,24,0,2
BRDA:166,24,1,3
BRF:50
BRH:39
end_of_record
TN:
SF:Src/KHT_Homepage/KHT_Homepage_Deploy/routingMode.js
FN:12,toggleRoutingMode
FN:19,isInRoutingMode
FN:24,handleRoutingVillageClick
FN:79,resetRouting
FNF:4
FNH:4
FNDA:21,toggleRoutingMode
FNDA:79,isInRoutingMode
FNDA:13,handleRoutingVillageClick
FNDA:24,resetRouting
DA:5,1
DA:6,1
DA:7,1
DA:8,1
DA:9,1
DA:13,21
DA:14,21
DA:15,21
DA:20,79
DA:25,13
DA:27,12
DA:28,12
DA:30,12
DA:31,1
DA:32,1
DA:33,1
DA:37,11
DA:38,8
DA:39,8
DA:40,8
DA:42,8
DA:43,8
DA:44,8
DA:50,8
DA:53,3
DA:54,3
DA:55,3
DA:56,3
DA:58,3
DA:59,3
DA:60,3
DA:67,3
DA:70,3
DA:71,3
DA:72,3
DA:75,0
DA:81,24
DA:82,24
DA:83,8
DA:85,24
DA:86,3
DA:90,24
DA:91,24
DA:92,24
DA:93,24
DA:96,24
DA:97,0
DA:98,0
LF:48
LH:45
BRDA:25,0,0,1
BRDA:25,0,1,12
BRDA:30,1,0,1
BRDA:30,1,1,11
BRDA:37,2,0,8
BRDA:37,2,1,3
BRDA:53,3,0,3
BRDA:53,3,1,0
BRDA:82,4,0,8
BRDA:82,4,1,16
BRDA:85,5,0,3
BRDA:85,5,1,21
BRDA:96,6,0,0
BRDA:96,6,1,24
BRDA:96,7,0,24
BRDA:96,7,1,24
BRF:16
BRH:14
end_of_record
